<?xml version="1.0" encoding="UTF-8"?>
<!-- Generated by org.testng.reporters.JUnitXMLReporter -->
<testsuite ignored="0" hostname="DESKTOP-2P6A9NL" failures="0" tests="4" name="Test" time="6.705" errors="0" timestamp="2021-03-11T21:41:39 GMT">
  <testcase classname="pujithaselenium.Mavenjava.SecondTest" name="sum" time="0.011"/>
  <testcase classname="Log4J.Test1" name="test" time="6.195"/>
  <testcase classname="pujithaselenium.Mavenjava.FirstTest" name="test1" time="0.002"/>
  <testcase classname="pujithaselenium.Mavenjava.FirstTest" name="test2" time="0.002"/>
</testsuite> <!-- Test -->
