<?xml version="1.0" encoding="UTF-8"?>
<!-- Generated by org.testng.reporters.JUnitXMLReporter -->
<testsuite hostname="DESKTOP-2P6A9NL" ignored="0" name="Test" tests="4" failures="0" timestamp="2021-03-11T21:58:18 GMT" time="6.628" errors="0">
  <testcase name="test1" time="0.003" classname="pujithaselenium.Mavenjava.FirstTest"/>
  <testcase name="test2" time="0.0" classname="pujithaselenium.Mavenjava.FirstTest"/>
  <testcase name="sum" time="0.0" classname="pujithaselenium.Mavenjava.SecondTest"/>
  <testcase name="test" time="6.103" classname="Log4J.Test1"/>
</testsuite> <!-- Test -->
