<?xml version="1.0" encoding="UTF-8"?>
<!-- Generated by org.testng.reporters.JUnitXMLReporter -->
<testsuite hostname="DESKTOP-2P6A9NL" ignored="0" name="Test" tests="4" failures="0" timestamp="2021-03-12T13:44:49 GMT" time="37.521" errors="0">
  <testcase name="Validation" time="0.32" classname="pujithaselenium.MavenProject.TitleValidation"/>
  <testcase name="AccountVerification" time="10.488" classname="pujithaselenium.MavenProject.LoginPageTC"/>
  <testcase name="AccountVerification" time="10.248" classname="pujithaselenium.MavenProject.LoginPageTC"/>
  <testcase name="AccountVerification" time="5.604" classname="pujithaselenium.MavenProject.LoginPageTC"/>
</testsuite> <!-- Test -->
