<?xml version="1.0" encoding="UTF-8"?>
<testsuite xmlns:xsi="http://www.w3.org/2001/XMLSchema-instance" xsi:noNamespaceSchemaLocation="https://maven.apache.org/surefire/maven-surefire-plugin/xsd/surefire-test-report.xsd" name="TestSuite" time="39.963" tests="4" errors="0" skipped="0" failures="0">
  <properties>
[...]
</properties>
  <testcase name="Validation" classname="pujithaselenium.MavenProject.TitleValidation" time="0.322"/>
  <testcase name="AccountVerification" classname="pujithaselenium.MavenProject.LoginPageTC" time="10.487"/>
  <testcase name="AccountVerification" classname="pujithaselenium.MavenProject.LoginPageTC" time="10.252"/>
  <testcase name="AccountVerification" classname="pujithaselenium.MavenProject.LoginPageTC" time="5.605"/>
</testsuite>