<?xml version="1.0" encoding="UTF-8"?>
<testng-results ignored="0" total="4" passed="4" failed="0" skipped="0">
  <reporter-output>
  </reporter-output>
  <suite started-at="2021-03-11T21:41:33 GMT" name="Suite" finished-at="2021-03-11T21:41:39 GMT" duration-ms="6705">
    <groups>
    </groups>
    <test started-at="2021-03-11T21:41:33 GMT" name="Test" finished-at="2021-03-11T21:41:39 GMT" duration-ms="6705">
      <class name="Log4J.Test1">
        <test-method is-config="true" signature="reports()[pri:0, instance:Log4J.Test1@62435e70]" started-at="2021-03-11T21:41:33 GMT" name="reports" finished-at="2021-03-11T21:41:33 GMT" duration-ms="430" status="PASS">
          <reporter-output>
          </reporter-output>
        </test-method> <!-- reports -->
        <test-method signature="test()[pri:0, instance:Log4J.Test1@62435e70]" started-at="2021-03-11T21:41:33 GMT" name="test" finished-at="2021-03-11T21:41:39 GMT" duration-ms="6195" status="PASS">
          <reporter-output>
          </reporter-output>
        </test-method> <!-- test -->
      </class> <!-- Log4J.Test1 -->
      <class name="pujithaselenium.Mavenjava.FirstTest">
        <test-method signature="test1()[pri:0, instance:pujithaselenium.Mavenjava.FirstTest@38be305c]" started-at="2021-03-11T21:41:39 GMT" name="test1" finished-at="2021-03-11T21:41:39 GMT" duration-ms="2" status="PASS">
          <reporter-output>
          </reporter-output>
        </test-method> <!-- test1 -->
        <test-method signature="test2()[pri:0, instance:pujithaselenium.Mavenjava.FirstTest@38be305c]" started-at="2021-03-11T21:41:39 GMT" name="test2" finished-at="2021-03-11T21:41:39 GMT" duration-ms="2" status="PASS">
          <reporter-output>
          </reporter-output>
        </test-method> <!-- test2 -->
      </class> <!-- pujithaselenium.Mavenjava.FirstTest -->
      <class name="pujithaselenium.Mavenjava.SecondTest">
        <test-method signature="sum()[pri:0, instance:pujithaselenium.Mavenjava.SecondTest@339bf286]" started-at="2021-03-11T21:41:33 GMT" name="sum" finished-at="2021-03-11T21:41:33 GMT" duration-ms="11" status="PASS">
          <reporter-output>
          </reporter-output>
        </test-method> <!-- sum -->
      </class> <!-- pujithaselenium.Mavenjava.SecondTest -->
    </test> <!-- Test -->
  </suite> <!-- Suite -->
</testng-results>
